<?xml version="1.0" encoding="UTF-8"?>
<!-- Generated by org.testng.reporters.JUnitReportReporter -->
<testsuite skipped="0" hostname="DESKTOP-N73I3GJ" name="JenkinMavenPrgrm.JenkinsPrgrmMaven" tests="1" failures="0" timestamp="2022-09-09T17:50:26 IST" time="2.088" errors="0">
  <testcase name="test" time="2.088" classname="JenkinMavenPrgrm.JenkinsPrgrmMaven"/>
  <system-out/>
</testsuite> <!-- JenkinMavenPrgrm.JenkinsPrgrmMaven -->
